0 info it worked if it ends with ok
1 verbose cli [ 'node', '/usr/local/bin/npm', 'install', '-g', 'grunt-cli' ]
2 info using npm@1.2.24
3 info using node@v0.10.9
4 verbose read json /usr/local/lib/package.json
5 verbose read json /usr/local/lib/package.json
6 verbose cache add [ 'grunt-cli', null ]
7 verbose cache add name=undefined spec="grunt-cli" args=["grunt-cli",null]
8 verbose parsed url { protocol: null,
8 verbose parsed url   slashes: null,
8 verbose parsed url   auth: null,
8 verbose parsed url   host: null,
8 verbose parsed url   port: null,
8 verbose parsed url   hostname: null,
8 verbose parsed url   hash: null,
8 verbose parsed url   search: null,
8 verbose parsed url   query: null,
8 verbose parsed url   pathname: 'grunt-cli',
8 verbose parsed url   path: 'grunt-cli',
8 verbose parsed url   href: 'grunt-cli' }
9 silly lockFile 671ef8ac-grunt-cli grunt-cli
10 verbose lock grunt-cli /Users/robin/.npm/671ef8ac-grunt-cli.lock
11 silly lockFile 671ef8ac-grunt-cli grunt-cli
12 silly lockFile 671ef8ac-grunt-cli grunt-cli
13 verbose addNamed [ 'grunt-cli', '' ]
14 verbose addNamed [ null, '' ]
15 silly lockFile d63f3d0b-grunt-cli grunt-cli@
16 verbose lock grunt-cli@ /Users/robin/.npm/d63f3d0b-grunt-cli.lock
17 silly addNameRange { name: 'grunt-cli', range: '', hasData: false }
18 verbose url raw grunt-cli
19 verbose url resolving [ 'https://registry.npmjs.org/', './grunt-cli' ]
20 verbose url resolved https://registry.npmjs.org/grunt-cli
21 info trying registry request attempt 1 at 10:32:51
22 verbose etag "40B8A22AJPA44CFE4BR8S2OKU"
23 http GET https://registry.npmjs.org/grunt-cli
24 http 304 https://registry.npmjs.org/grunt-cli
25 silly registry.get cb [ 304,
25 silly registry.get   { server: 'CouchDB/1.3.1 (Erlang OTP/R15B03)',
25 silly registry.get     etag: '"40B8A22AJPA44CFE4BR8S2OKU"',
25 silly registry.get     date: 'Sat, 07 Sep 2013 02:32:49 GMT',
25 silly registry.get     'content-length': '0' } ]
26 verbose etag grunt-cli from cache
27 silly addNameRange number 2 { name: 'grunt-cli', range: '', hasData: true }
28 silly addNameRange versions [ 'grunt-cli',
28 silly addNameRange   [ '0.1.0',
28 silly addNameRange     '0.1.1',
28 silly addNameRange     '0.1.2',
28 silly addNameRange     '0.1.3',
28 silly addNameRange     '0.1.4',
28 silly addNameRange     '0.1.5',
28 silly addNameRange     '0.1.6',
28 silly addNameRange     '0.1.7',
28 silly addNameRange     '0.1.8',
28 silly addNameRange     '0.1.9' ] ]
29 verbose addNamed [ 'grunt-cli', '0.1.9' ]
30 verbose addNamed [ '0.1.9', '0.1.9' ]
31 silly lockFile 8faf2ed8-grunt-cli-0-1-9 grunt-cli@0.1.9
32 verbose lock grunt-cli@0.1.9 /Users/robin/.npm/8faf2ed8-grunt-cli-0-1-9.lock
33 verbose read json /Users/robin/.npm/grunt-cli/0.1.9/package/package.json
34 silly lockFile 8faf2ed8-grunt-cli-0-1-9 grunt-cli@0.1.9
35 silly lockFile 8faf2ed8-grunt-cli-0-1-9 grunt-cli@0.1.9
36 silly lockFile d63f3d0b-grunt-cli grunt-cli@
37 silly lockFile d63f3d0b-grunt-cli grunt-cli@
38 silly resolved [ { name: 'grunt-cli',
38 silly resolved     description: 'The grunt command line interface.',
38 silly resolved     version: '0.1.9',
38 silly resolved     author: { name: 'Grunt Team' },
38 silly resolved     homepage: 'http://gruntjs.com/',
38 silly resolved     repository: { type: 'git', url: 'git://github.com/gruntjs/grunt-cli.git' },
38 silly resolved     bugs: { url: 'http://github.com/gruntjs/grunt-cli/issues' },
38 silly resolved     licenses: [ [Object] ],
38 silly resolved     bin: { grunt: 'bin/grunt' },
38 silly resolved     engines: { node: '>= 0.8.0' },
38 silly resolved     scripts: { test: 'node bin/grunt test' },
38 silly resolved     preferGlobal: true,
38 silly resolved     dependencies: { nopt: '~1.0.10', 'findup-sync': '~0.1.0', resolve: '~0.3.1' },
38 silly resolved     devDependencies: { grunt: '~0.4.0', 'grunt-contrib-jshint': '~0.2.0' },
38 silly resolved     contributors: [ [Object], [Object], [Object], [Object] ],
38 silly resolved     readme: '# grunt-cli [![Build Status](https://secure.travis-ci.org/gruntjs/grunt-cli.png?branch=master)](http://travis-ci.org/gruntjs/grunt-cli)\n> The Grunt command line interface.\n\nInstall this globally and you\'ll have access to the `grunt` command anywhere on your system.\n\n```shell\nnpm install -g grunt-cli\n```\n\n**Note:** The job of the `grunt` command is to load and run the version of Grunt you have installed locally to your project, irrespective of its version.  Starting with Grunt v0.4, you should never install Grunt itself globally.  For more information about why, [please read this](http://blog.nodejs.org/2011/03/23/npm-1-0-global-vs-local-installation).\n\nSee the [Getting Started](http://gruntjs.com/getting-started) guide for more information.\n\n## Shell tab auto-completion\nTo enable bash tab auto-completion for Grunt, add the following line to your `~/.bashrc` file. Currently, the only supported shell is bash.\n\n```bash\neval "$(grunt --completion=bash)"\n```\n\n## Installing grunt-cli locally\nIf you don\'t have administrator rights, you may need to install grunt-cli locally to your project using `npm install grunt-cli --save-dev`.  Unfortunately, this will not put the `grunt` executable in your PATH.  You\'ll need to specify its explicit location when executing it, eg: `./node_modules/.bin/grunt`,\n\nNote: Using grunt-cli in this way is unsupported.\n',
38 silly resolved     readmeFilename: 'README.md',
38 silly resolved     _id: 'grunt-cli@0.1.9',
38 silly resolved     _from: 'grunt-cli@' } ]
39 info install grunt-cli@0.1.9 into /usr/local/lib
40 info installOne grunt-cli@0.1.9
41 verbose from cache /Users/robin/.npm/grunt-cli/0.1.9/package/package.json
42 info /usr/local/lib/node_modules/grunt-cli unbuild
43 verbose read json /usr/local/lib/node_modules/grunt-cli/package.json
44 verbose tar unpack /Users/robin/.npm/grunt-cli/0.1.9/package.tgz
45 silly lockFile 58f484da-local-lib-node-modules-grunt-cli /usr/local/lib/node_modules/grunt-cli
46 verbose lock /usr/local/lib/node_modules/grunt-cli /Users/robin/.npm/58f484da-local-lib-node-modules-grunt-cli.lock
47 silly lockFile 7c826f01--npm-grunt-cli-0-1-9-package-tgz /Users/robin/.npm/grunt-cli/0.1.9/package.tgz
48 verbose lock /Users/robin/.npm/grunt-cli/0.1.9/package.tgz /Users/robin/.npm/7c826f01--npm-grunt-cli-0-1-9-package-tgz.lock
49 silly gunzTarPerm modes [ '755', '644' ]
50 error Error: EACCES, mkdir '/usr/local/lib/node_modules/grunt-cli'
50 error  { [Error: EACCES, mkdir '/usr/local/lib/node_modules/grunt-cli']
50 error   errno: 3,
50 error   code: 'EACCES',
50 error   path: '/usr/local/lib/node_modules/grunt-cli',
50 error   fstream_type: 'Directory',
50 error   fstream_path: '/usr/local/lib/node_modules/grunt-cli',
50 error   fstream_class: 'DirWriter',
50 error   fstream_stack:
50 error    [ '/usr/local/lib/node_modules/npm/node_modules/fstream/lib/dir-writer.js:36:23',
50 error      '/usr/local/lib/node_modules/npm/node_modules/mkdirp/index.js:37:53',
50 error      'Object.oncomplete (fs.js:107:15)' ] }
51 error Please try running this command again as root/Administrator.
52 error System Darwin 12.4.0
53 error command "node" "/usr/local/bin/npm" "install" "-g" "grunt-cli"
54 error cwd /Users/robin/workspace/fblog
55 error node -v v0.10.9
56 error npm -v 1.2.24
57 error path /usr/local/lib/node_modules/grunt-cli
58 error fstream_path /usr/local/lib/node_modules/grunt-cli
59 error fstream_type Directory
60 error fstream_class DirWriter
61 error code EACCES
62 error errno 3
63 error stack Error: EACCES, mkdir '/usr/local/lib/node_modules/grunt-cli'
64 error fstream_stack /usr/local/lib/node_modules/npm/node_modules/fstream/lib/dir-writer.js:36:23
64 error fstream_stack /usr/local/lib/node_modules/npm/node_modules/mkdirp/index.js:37:53
64 error fstream_stack Object.oncomplete (fs.js:107:15)
65 verbose exit [ 3, true ]
